 ⚠ Port 3000 is in use, trying 3001 instead.
 ⚠ Port 3001 is in use, trying 3002 instead.
 ⚠ Port 3002 is in use, trying 3003 instead.
 ⚠ Port 3003 is in use, trying 3004 instead.
 ⚠ Port 3004 is in use, trying 3005 instead.
 ⚠ Port 3005 is in use, trying 3006 instead.
<w> [webpack.cache.PackFileCacheStrategy] Restoring pack from C:\Users\Battiste\Documents\tracker muscu\.next\cache\webpack\client-development.pack.gz failed: TypeError: Cannot read properties of undefined (reading 'hasStartTime')
<w> [webpack.cache.PackFileCacheStrategy] Restoring pack from C:\Users\Battiste\Documents\tracker muscu\.next\cache\webpack\client-development.pack.gz failed: TypeError: Cannot read properties of undefined (reading 'hasStartTime')
 ⨯ ./lib/coachSuggestions.ts
Error: Failed to read source code from C:\Users\Battiste\Documents\tracker muscu\lib\coachSuggestions.ts

Caused by:
    Le fichier spécifié est introuvable. (os error 2)

Import trace for requested module:
./lib/coachSuggestions.ts
./app/log/[sessionId]/page.tsx
 ⨯ ./components/BottomNav.tsx
Error: Failed to read source code from C:\Users\Battiste\Documents\tracker muscu\components\BottomNav.tsx

Caused by:
    Le fichier spécifié est introuvable. (os error 2)

Import trace for requested module:
./components/BottomNav.tsx
./app/layout.tsx
 ⨯ ./components/ui/Modal.tsx
Error: Failed to read source code from C:\Users\Battiste\Documents\tracker muscu\components\ui\Modal.tsx

Caused by:
    Le fichier spécifié est introuvable. (os error 2)

Import trace for requested module:
./components/ui/Modal.tsx
./app/log/[sessionId]/page.tsx
 ⨯ ./components/ui/Modal.tsx
Error: Failed to read source code from C:\Users\Battiste\Documents\tracker muscu\components\ui\Modal.tsx

Caused by:
    Le fichier spécifié est introuvable. (os error 2)

Import trace for requested module:
./components/ui/Modal.tsx
./app/log/[sessionId]/page.tsx
 ⚠ Found a change in next.config.js. Restarting the server to apply the changes...
 ⚠ Port 3000 is in use, trying 3001 instead.
 ⚠ Found a change in next.config.js. Restarting the server to apply the changes...
 ⚠ Port 3000 is in use, trying 3001 instead.
